<?xml version='1.0'?>
<ns2:test-suite xmlns:ns2='urn:model.allure.qatools.yandex.ru' start='1634211446352' stop='1634211446368'>
    <name>Login validations</name>
    <title>Login validations</title>
    <test-cases>
        <test-case start='1634211446355' status='broken' stop='1634211446359'>
            <name>Displays warning message when logging in with invalid credentials</name>
            <title>Displays warning message when logging in with invalid credentials</title>
            <labels>
                <label name='language' value='javascript'/>
                <label name='framework' value='wdio'/>
                <label name='thread' value='0-1'/>
            </labels>
            <parameters>
                <parameter kind='argument' name='device' value='emulator-5554-11'/>
            </parameters>
            <steps>
                <step start='1634211446358' status='broken' stop='1634211446358'>
                    <name>Given I'm on the login screen</name>
                    <title>Given I'm on the login screen</title>
                    <attachments/>
                    <steps/>
                </step>
                <step start='1634211446358' status='broken' stop='1634211446359'>
                    <name>When I try to log in with credentials; email: 'user@123456' and password: '12346.346'</name>
                    <title>When I try to log in with credentials; email: 'user@123456' and password: '12346.346'</title>
                    <attachments/>
                    <steps/>
                </step>
                <step start='1634211446359' status='broken' stop='1634211446359'>
                    <name>Then app displays a message that the credentials are invalid</name>
                    <title>Then app displays a message that the credentials are invalid</title>
                    <attachments/>
                    <steps/>
                </step>
            </steps>
            <attachments/>
            <failure>
                <message>Step "Then app displays a message that the credentials are invalid" is not defined. You can ignore this error by setting cucumberOpts.ignoreUndefinedDefinitions as true.</message>
                <stack-trace>undefined:undefined</stack-trace>
            </failure>
        </test-case>
        <test-case start='1634211446361' status='broken' stop='1634211446363'>
            <name>Displays warning message when logging in with invalid credentials</name>
            <title>Displays warning message when logging in with invalid credentials</title>
            <labels>
                <label name='language' value='javascript'/>
                <label name='framework' value='wdio'/>
                <label name='thread' value='0-1'/>
            </labels>
            <parameters>
                <parameter kind='argument' name='device' value='emulator-5554-11'/>
            </parameters>
            <steps>
                <step start='1634211446362' status='broken' stop='1634211446362'>
                    <name>Given I'm on the login screen</name>
                    <title>Given I'm on the login screen</title>
                    <attachments/>
                    <steps/>
                </step>
                <step start='1634211446362' status='broken' stop='1634211446362'>
                    <name>When I try to log in with credentials; email: '3243g@user' and password: '/12346569'</name>
                    <title>When I try to log in with credentials; email: '3243g@user' and password: '/12346569'</title>
                    <attachments/>
                    <steps/>
                </step>
                <step start='1634211446362' status='broken' stop='1634211446363'>
                    <name>Then app displays a message that the credentials are invalid</name>
                    <title>Then app displays a message that the credentials are invalid</title>
                    <attachments/>
                    <steps/>
                </step>
            </steps>
            <attachments/>
            <failure>
                <message>Step "Then app displays a message that the credentials are invalid" is not defined. You can ignore this error by setting cucumberOpts.ignoreUndefinedDefinitions as true.</message>
                <stack-trace>undefined:undefined</stack-trace>
            </failure>
        </test-case>
        <test-case start='1634211446364' status='broken' stop='1634211446366'>
            <name>Displays login successfully, when entering valid credentials</name>
            <title>Displays login successfully, when entering valid credentials</title>
            <labels>
                <label name='language' value='javascript'/>
                <label name='framework' value='wdio'/>
                <label name='thread' value='0-1'/>
            </labels>
            <parameters>
                <parameter kind='argument' name='device' value='emulator-5554-11'/>
            </parameters>
            <steps>
                <step start='1634211446365' status='broken' stop='1634211446365'>
                    <name>Given I'm on the login screen</name>
                    <title>Given I'm on the login screen</title>
                    <attachments/>
                    <steps/>
                </step>
                <step start='1634211446365' status='broken' stop='1634211446365'>
                    <name>When I log in with the user 'Administrator'</name>
                    <title>When I log in with the user 'Administrator'</title>
                    <attachments/>
                    <steps/>
                </step>
                <step start='1634211446366' status='broken' stop='1634211446366'>
                    <name>Then app displays alert of successful login</name>
                    <title>Then app displays alert of successful login</title>
                    <attachments/>
                    <steps/>
                </step>
            </steps>
            <attachments/>
            <failure>
                <message>Step "Then app displays alert of successful login" is not defined. You can ignore this error by setting cucumberOpts.ignoreUndefinedDefinitions as true.</message>
                <stack-trace>undefined:undefined</stack-trace>
            </failure>
        </test-case>
    </test-cases>
</ns2:test-suite>